TN:
SF:/home/david/qlobber-pg/index.js
FN:22,(anonymous_0)
FN:26,(anonymous_1)
FN:31,(anonymous_2)
FN:109,(anonymous_3)
FN:144,(anonymous_4)
FN:146,(anonymous_5)
FN:152,(anonymous_6)
FN:162,(anonymous_7)
FN:177,(anonymous_8)
FN:180,(anonymous_9)
FN:188,(anonymous_10)
FN:196,(anonymous_11)
FN:203,(anonymous_12)
FN:221,(anonymous_13)
FN:228,(anonymous_14)
FN:247,(anonymous_15)
FN:248,(anonymous_16)
FN:253,(anonymous_17)
FN:262,(anonymous_18)
FN:278,(anonymous_19)
FN:296,(anonymous_20)
FN:310,(anonymous_21)
FN:324,(anonymous_22)
FN:328,(anonymous_23)
FN:331,(anonymous_24)
FN:336,(anonymous_25)
FN:345,(anonymous_26)
FN:348,(anonymous_27)
FN:362,(anonymous_28)
FN:377,(anonymous_29)
FN:388,(anonymous_30)
FN:405,(anonymous_31)
FN:406,(anonymous_32)
FN:407,(anonymous_33)
FN:429,(anonymous_34)
FN:433,(anonymous_35)
FN:439,(anonymous_36)
FN:446,(anonymous_37)
FN:462,(anonymous_38)
FN:474,(anonymous_39)
FN:482,(anonymous_40)
FN:485,(anonymous_41)
FN:495,(anonymous_42)
FN:510,(anonymous_43)
FN:514,(anonymous_44)
FN:526,(anonymous_45)
FN:526,(anonymous_46)
FN:532,(anonymous_47)
FN:541,(anonymous_48)
FN:552,(anonymous_49)
FN:582,(anonymous_50)
FN:598,(anonymous_51)
FN:620,(anonymous_52)
FN:627,(anonymous_53)
FN:631,(anonymous_54)
FN:659,(anonymous_55)
FN:695,(anonymous_56)
FN:744,(anonymous_57)
FN:745,(anonymous_58)
FN:756,(anonymous_59)
FN:784,(anonymous_60)
FN:788,(anonymous_61)
FN:815,(anonymous_62)
FN:816,(anonymous_63)
FN:824,(anonymous_64)
FN:828,(anonymous_65)
FN:843,(anonymous_66)
FN:843,(anonymous_67)
FN:848,(anonymous_68)
FN:856,(anonymous_69)
FN:860,(anonymous_70)
FN:881,(anonymous_71)
FN:889,(anonymous_72)
FN:907,(anonymous_73)
FN:923,(anonymous_74)
FN:1005,(anonymous_75)
FN:1014,(anonymous_76)
FN:1055,(anonymous_77)
FN:1064,(anonymous_78)
FN:1135,(anonymous_79)
FN:1150,(anonymous_80)
FN:1165,(anonymous_81)
FN:1171,(anonymous_82)
FN:1182,(anonymous_83)
FN:1206,(anonymous_84)
FN:1208,done
FNF:86
FNH:84
FNDA:54,(anonymous_0)
FNDA:54,(anonymous_1)
FNDA:170,(anonymous_2)
FNDA:602,(anonymous_3)
FNDA:79964,(anonymous_4)
FNDA:147283,(anonymous_5)
FNDA:4,(anonymous_6)
FNDA:602,(anonymous_7)
FNDA:1802,(anonymous_8)
FNDA:2,(anonymous_9)
FNDA:140395,(anonymous_10)
FNDA:602,(anonymous_11)
FNDA:602,(anonymous_12)
FNDA:600,(anonymous_13)
FNDA:600,(anonymous_14)
FNDA:602,(anonymous_15)
FNDA:602,(anonymous_16)
FNDA:600,(anonymous_17)
FNDA:688293,(anonymous_18)
FNDA:698979,(anonymous_19)
FNDA:140603,(anonymous_20)
FNDA:208,(anonymous_21)
FNDA:206,(anonymous_22)
FNDA:1026,(anonymous_23)
FNDA:1026,(anonymous_24)
FNDA:1026,(anonymous_25)
FNDA:7126,(anonymous_26)
FNDA:7126,(anonymous_27)
FNDA:7126,(anonymous_28)
FNDA:147311,(anonymous_29)
FNDA:7105,(anonymous_30)
FNDA:147283,(anonymous_31)
FNDA:147402,(anonymous_32)
FNDA:147402,(anonymous_33)
FNDA:294255,(anonymous_34)
FNDA:146952,(anonymous_35)
FNDA:217173,(anonymous_36)
FNDA:0,(anonymous_37)
FNDA:78765,(anonymous_38)
FNDA:109153,(anonymous_39)
FNDA:185772,(anonymous_40)
FNDA:78765,(anonymous_41)
FNDA:107007,(anonymous_42)
FNDA:148922,(anonymous_43)
FNDA:36850,(anonymous_44)
FNDA:30220,(anonymous_45)
FNDA:30220,(anonymous_46)
FNDA:86,(anonymous_47)
FNDA:82,(anonymous_48)
FNDA:4,(anonymous_49)
FNDA:74647,(anonymous_50)
FNDA:74647,(anonymous_51)
FNDA:146952,(anonymous_52)
FNDA:147283,(anonymous_53)
FNDA:147283,(anonymous_54)
FNDA:68,(anonymous_55)
FNDA:147311,(anonymous_56)
FNDA:620,(anonymous_57)
FNDA:14,(anonymous_58)
FNDA:600,(anonymous_59)
FNDA:0,(anonymous_60)
FNDA:48785,(anonymous_61)
FNDA:7906,(anonymous_62)
FNDA:50613,(anonymous_63)
FNDA:96,(anonymous_64)
FNDA:9523,(anonymous_65)
FNDA:13939,(anonymous_66)
FNDA:13939,(anonymous_67)
FNDA:64,(anonymous_68)
FNDA:2426,(anonymous_69)
FNDA:2418,(anonymous_70)
FNDA:68328,(anonymous_71)
FNDA:2402,(anonymous_72)
FNDA:65926,(anonymous_73)
FNDA:96,(anonymous_74)
FNDA:2198,(anonymous_75)
FNDA:2198,(anonymous_76)
FNDA:242,(anonymous_77)
FNDA:242,(anonymous_78)
FNDA:65926,(anonymous_79)
FNDA:65926,(anonymous_80)
FNDA:65916,(anonymous_81)
FNDA:65916,(anonymous_82)
FNDA:65910,(anonymous_83)
FNDA:2,(anonymous_84)
FNDA:4,done
DA:2,1
DA:3,1
DA:4,1
DA:5,1
DA:6,1
DA:7,1
DA:8,1
DA:9,1
DA:11,1
DA:14,1
DA:16,1
DA:23,54
DA:24,54
DA:25,54
DA:26,54
DA:27,54
DA:32,170
DA:33,170
DA:34,170
DA:110,602
DA:111,602
DA:112,602
DA:113,602
DA:114,602
DA:115,602
DA:116,602
DA:117,602
DA:118,602
DA:119,602
DA:120,602
DA:121,602
DA:122,602
DA:124,602
DA:125,602
DA:127,602
DA:128,602
DA:129,24
DA:132,602
DA:136,602
DA:137,580
DA:139,22
DA:142,602
DA:144,79964
DA:146,602
DA:147,147283
DA:148,147283
DA:151,602
DA:152,2
DA:153,4
DA:154,4
DA:158,602
DA:159,602
DA:160,602
DA:162,602
DA:163,602
DA:164,0
DA:173,0
DA:177,602
DA:178,1802
DA:179,2
DA:180,2
DA:184,602
DA:185,602
DA:187,602
DA:188,594
DA:189,140395
DA:190,0
DA:192,140395
DA:196,602
DA:197,602
DA:198,0
DA:200,602
DA:203,602
DA:204,602
DA:205,0
DA:207,602
DA:210,600
DA:211,600
DA:213,600
DA:219,602
DA:221,602
DA:222,600
DA:223,0
DA:225,600
DA:228,602
DA:229,600
DA:230,0
DA:232,600
DA:233,600
DA:241,600
DA:242,600
DA:243,600
DA:248,602
DA:249,602
DA:250,2
DA:252,600
DA:254,600
DA:255,600
DA:256,319
DA:258,600
DA:263,688293
DA:264,602
DA:272,602
DA:275,688293
DA:290,698979
DA:291,6601
DA:293,698979
DA:297,140603
DA:298,873
DA:299,873
DA:300,873
DA:302,139730
DA:311,208
DA:312,208
DA:313,208
DA:314,208
DA:316,0
DA:318,208
DA:325,206
DA:329,1026
DA:330,1026
DA:331,1026
DA:332,1026
DA:333,2
DA:335,1024
DA:337,1026
DA:338,2
DA:340,1024
DA:341,1024
DA:346,7126
DA:347,7126
DA:348,7126
DA:349,7126
DA:350,13
DA:352,7113
DA:353,7113
DA:354,1601
DA:355,1601
DA:356,1601
DA:359,5512
DA:363,7126
DA:364,13
DA:366,7113
DA:367,0
DA:369,7113
DA:370,7113
DA:371,7113
DA:372,7113
DA:374,7113
DA:375,7113
DA:379,147311
DA:380,147311
DA:381,4097
DA:383,147311
DA:384,141432
DA:386,147311
DA:389,7105
DA:390,14
DA:392,7091
DA:393,0
DA:396,7091
DA:397,9721
DA:400,7091
DA:406,147283
DA:407,147402
DA:408,147402
DA:409,147350
DA:410,147280
DA:411,2
DA:413,70
DA:414,2
DA:418,147402
DA:419,147283
DA:422,119
DA:426,147283
DA:430,294255
DA:434,146952
DA:435,146952
DA:436,146952
DA:437,146952
DA:439,146952
DA:440,217173
DA:442,217173
DA:443,217173
DA:445,217173
DA:446,0
DA:447,0
DA:448,0
DA:453,217173
DA:454,217173
DA:455,217173
DA:457,217173
DA:458,146915
DA:462,146952
DA:463,78765
DA:464,78765
DA:465,24
DA:466,24
DA:468,0
DA:472,146952
DA:474,146952
DA:475,109153
DA:476,109153
DA:479,109153
DA:480,109153
DA:482,109153
DA:483,185772
DA:484,78765
DA:485,78765
DA:488,107007
DA:489,107007
DA:490,8
DA:492,106999
DA:495,107007
DA:496,107007
DA:497,64
DA:503,107007
DA:504,8
DA:506,107007
DA:510,109153
DA:511,148922
DA:514,109153
DA:515,36850
DA:516,36850
DA:517,2
DA:519,36848
DA:520,36848
DA:521,36848
DA:522,6628
DA:524,30220
DA:526,30220
DA:529,109153
DA:530,109153
DA:532,109153
DA:533,86
DA:534,2
DA:537,84
DA:538,84
DA:539,84
DA:541,84
DA:542,82
DA:543,6
DA:545,76
DA:546,76
DA:547,76
DA:550,84
DA:552,84
DA:553,4
DA:554,4
DA:557,84
DA:560,109153
DA:561,187862
DA:562,86
DA:563,86
DA:565,187776
DA:569,109153
DA:570,72291
DA:574,146952
DA:575,0
DA:578,146952
DA:579,72305
DA:582,74647
DA:583,74647
DA:586,74647
DA:587,18745
DA:589,55902
DA:592,55902
DA:593,19054
DA:595,36848
DA:598,74647
DA:599,74647
DA:600,74647
DA:601,74647
DA:603,0
DA:606,74647
DA:607,74647
DA:609,0
DA:610,0
DA:612,74647
DA:613,37799
DA:614,37799
DA:616,36848
DA:621,146952
DA:622,4
DA:624,146948
DA:628,147283
DA:631,147283
DA:632,147283
DA:633,147283
DA:634,68
DA:635,68
DA:637,44
DA:638,44
DA:639,44
DA:641,68
DA:643,147215
DA:644,74807
DA:645,74803
DA:646,74643
DA:648,4
DA:649,4
DA:652,147215
DA:653,263
DA:655,146952
DA:660,68
DA:661,68
DA:662,68
DA:664,44
DA:668,24
DA:669,24
DA:672,20
DA:673,20
DA:674,20
DA:675,10
DA:676,4
DA:678,10
DA:679,4
DA:682,20
DA:684,44
DA:685,44
DA:688,68
DA:689,68
DA:692,68
DA:696,147311
DA:698,147311
DA:699,0
DA:702,147311
DA:703,147311
DA:704,4097
DA:707,147311
DA:708,5879
DA:711,147311
DA:713,147311
DA:715,68
DA:717,68
DA:718,68
DA:720,68
DA:721,12
DA:724,147243
DA:725,147223
DA:726,5791
DA:727,6
DA:729,141432
DA:730,2
DA:734,147291
DA:745,620
DA:746,14
DA:747,0
DA:751,620
DA:752,20
DA:754,600
DA:756,600
DA:757,600
DA:759,600
DA:760,565
DA:763,600
DA:764,598
DA:765,598
DA:768,600
DA:769,565
DA:770,565
DA:773,600
DA:774,554
DA:777,46
DA:785,0
DA:789,48785
DA:790,48785
DA:791,48785
DA:792,48785
DA:793,117257
DA:794,117257
DA:796,21908
DA:797,21908
DA:798,16127
DA:799,16127
DA:801,21908
DA:803,30449
DA:804,21636
DA:806,30449
DA:808,64900
DA:809,64900
DA:812,48785
DA:816,7906
DA:817,50613
DA:818,1828
DA:820,48785
DA:825,96
DA:829,9523
DA:830,9523
DA:832,9523
DA:835,1645
DA:837,7878
DA:838,7878
DA:839,7870
DA:840,7870
DA:841,5504
DA:842,5504
DA:843,13939
DA:847,7878
DA:848,64
DA:850,7878
DA:851,36
DA:853,7878
DA:857,2426
DA:858,8
DA:860,2418
DA:861,2418
DA:862,4
DA:864,2414
DA:867,2410
DA:868,2410
DA:869,2410
DA:870,2410
DA:871,2366
DA:874,2410
DA:882,68328
DA:883,6
DA:884,6
DA:886,68322
DA:890,2402
DA:891,2
DA:893,2400
DA:894,64
DA:896,2336
DA:897,4964
DA:900,12
DA:901,12
DA:904,2324
DA:908,65926
DA:909,4
DA:911,65922
DA:912,3266
DA:914,62656
DA:915,109986
DA:916,4
DA:917,4
DA:920,62652
DA:924,96
DA:925,76
DA:927,76
DA:931,76
DA:932,38
DA:934,38
DA:937,76
DA:938,76
DA:939,76
DA:942,96
DA:1006,2198
DA:1007,2092
DA:1008,2092
DA:1013,2198
DA:1014,2198
DA:1015,2198
DA:1016,2198
DA:1017,2144
DA:1021,2198
DA:1022,8
DA:1025,2190
DA:1027,2190
DA:1028,52
DA:1031,2190
DA:1058,242
DA:1059,14
DA:1060,14
DA:1061,14
DA:1064,242
DA:1065,242
DA:1066,242
DA:1067,242
DA:1071,242
DA:1072,38
DA:1073,38
DA:1074,4
DA:1077,204
DA:1078,6
DA:1080,198
DA:1081,6
DA:1082,6
DA:1083,4
DA:1086,192
DA:1087,192
DA:1088,12
DA:1093,236
DA:1095,236
DA:1136,65926
DA:1139,54
DA:1140,54
DA:1141,54
DA:1144,65926
DA:1145,132
DA:1146,132
DA:1149,65926
DA:1150,65926
DA:1151,65926
DA:1152,65926
DA:1153,65920
DA:1157,65926
DA:1158,8
DA:1161,65918
DA:1162,65918
DA:1163,65918
DA:1165,65918
DA:1166,65916
DA:1167,0
DA:1171,65916
DA:1172,65916
DA:1173,2
DA:1175,65914
DA:1184,65910
DA:1194,65918
DA:1195,62676
DA:1198,3242
DA:1199,3188
DA:1202,54
DA:1204,54
DA:1206,54
DA:1207,2
DA:1209,4
DA:1210,2
DA:1211,2
DA:1214,2
DA:1215,2
DA:1216,2
DA:1217,2
DA:1220,54
DA:1224,1
LF:526
LH:504
BRDA:111,0,0,602
BRDA:111,0,1,0
BRDA:114,1,0,602
BRDA:114,1,1,600
BRDA:115,2,0,602
BRDA:115,2,1,598
BRDA:116,3,0,602
BRDA:116,3,1,602
BRDA:117,4,0,602
BRDA:117,4,1,590
BRDA:118,5,0,594
BRDA:118,5,1,8
BRDA:119,6,0,564
BRDA:119,6,1,38
BRDA:120,7,0,600
BRDA:120,7,1,2
BRDA:122,8,0,602
BRDA:122,8,1,602
BRDA:127,9,0,602
BRDA:127,9,1,578
BRDA:128,10,0,24
BRDA:128,10,1,578
BRDA:136,11,0,580
BRDA:136,11,1,22
BRDA:149,12,0,602
BRDA:149,12,1,600
BRDA:151,13,0,2
BRDA:151,13,1,600
BRDA:163,14,0,0
BRDA:163,14,1,602
BRDA:178,15,0,2
BRDA:178,15,1,1800
BRDA:187,16,0,594
BRDA:187,16,1,8
BRDA:189,17,0,0
BRDA:189,17,1,140395
BRDA:197,18,0,0
BRDA:197,18,1,602
BRDA:204,19,0,0
BRDA:204,19,1,602
BRDA:222,20,0,0
BRDA:222,20,1,600
BRDA:229,21,0,0
BRDA:229,21,1,600
BRDA:249,22,0,2
BRDA:249,22,1,600
BRDA:263,23,0,602
BRDA:263,23,1,687691
BRDA:263,24,0,688293
BRDA:263,24,1,668
BRDA:290,25,0,6601
BRDA:290,25,1,692378
BRDA:290,26,0,698979
BRDA:290,26,1,6674
BRDA:297,27,0,873
BRDA:297,27,1,139730
BRDA:311,28,0,208
BRDA:311,28,1,0
BRDA:332,29,0,2
BRDA:332,29,1,1024
BRDA:337,30,0,2
BRDA:337,30,1,1024
BRDA:349,31,0,13
BRDA:349,31,1,7113
BRDA:353,32,0,1601
BRDA:353,32,1,5512
BRDA:359,33,0,4
BRDA:359,33,1,5508
BRDA:363,34,0,13
BRDA:363,34,1,7113
BRDA:366,35,0,0
BRDA:366,35,1,7113
BRDA:380,36,0,4097
BRDA:380,36,1,143214
BRDA:383,37,0,141432
BRDA:383,37,1,5879
BRDA:389,38,0,14
BRDA:389,38,1,7091
BRDA:392,39,0,0
BRDA:392,39,1,7091
BRDA:408,40,0,147350
BRDA:408,40,1,52
BRDA:409,41,0,147280
BRDA:409,41,1,70
BRDA:410,42,0,2
BRDA:410,42,1,147278
BRDA:413,43,0,2
BRDA:413,43,1,68
BRDA:418,44,0,147283
BRDA:418,44,1,119
BRDA:418,45,0,147402
BRDA:418,45,1,147398
BRDA:418,45,2,147334
BRDA:430,46,0,294147
BRDA:430,46,1,108
BRDA:445,47,0,0
BRDA:445,47,1,217173
BRDA:457,48,0,146915
BRDA:457,48,1,70258
BRDA:457,49,0,217173
BRDA:457,49,1,146952
BRDA:464,50,0,24
BRDA:464,50,1,78741
BRDA:465,51,0,24
BRDA:465,51,1,0
BRDA:483,52,0,78765
BRDA:483,52,1,107007
BRDA:489,53,0,8
BRDA:489,53,1,106999
BRDA:496,54,0,64
BRDA:496,54,1,106943
BRDA:503,55,0,8
BRDA:503,55,1,106999
BRDA:516,56,0,2
BRDA:516,56,1,36848
BRDA:521,57,0,6628
BRDA:521,57,1,30220
BRDA:526,58,0,30220
BRDA:526,58,1,30220
BRDA:529,59,0,36848
BRDA:529,59,1,72305
BRDA:533,60,0,2
BRDA:533,60,1,84
BRDA:542,61,0,6
BRDA:542,61,1,76
BRDA:561,62,0,86
BRDA:561,62,1,187776
BRDA:569,63,0,72291
BRDA:569,63,1,36862
BRDA:569,64,0,109153
BRDA:569,64,1,109069
BRDA:574,65,0,0
BRDA:574,65,1,146952
BRDA:574,66,0,146952
BRDA:574,66,1,146952
BRDA:578,67,0,72305
BRDA:578,67,1,74647
BRDA:586,68,0,18745
BRDA:586,68,1,55902
BRDA:586,69,0,74647
BRDA:586,69,1,55916
BRDA:592,70,0,19054
BRDA:592,70,1,36848
BRDA:592,71,0,55902
BRDA:592,71,1,36848
BRDA:612,72,0,37799
BRDA:612,72,1,36848
BRDA:621,73,0,4
BRDA:621,73,1,146948
BRDA:628,74,0,56
BRDA:628,74,1,147227
BRDA:633,75,0,68
BRDA:633,75,1,147215
BRDA:635,76,0,44
BRDA:635,76,1,24
BRDA:643,77,0,74807
BRDA:643,77,1,72408
BRDA:644,78,0,74803
BRDA:644,78,1,4
BRDA:645,79,0,74643
BRDA:645,79,1,160
BRDA:648,80,0,4
BRDA:648,80,1,0
BRDA:652,81,0,263
BRDA:652,81,1,146952
BRDA:662,82,0,44
BRDA:662,82,1,24
BRDA:664,83,0,24
BRDA:664,83,1,20
BRDA:664,84,0,44
BRDA:664,84,1,32
BRDA:674,85,0,10
BRDA:674,85,1,10
BRDA:675,86,0,4
BRDA:675,86,1,6
BRDA:678,87,0,4
BRDA:678,87,1,6
BRDA:698,88,0,0
BRDA:698,88,1,147311
BRDA:703,89,0,4097
BRDA:703,89,1,143214
BRDA:707,90,0,5879
BRDA:707,90,1,141432
BRDA:713,91,0,68
BRDA:713,91,1,147243
BRDA:713,92,0,147311
BRDA:713,92,1,5879
BRDA:713,92,2,68
BRDA:717,93,0,68
BRDA:717,93,1,0
BRDA:717,94,0,68
BRDA:717,94,1,24
BRDA:720,95,0,12
BRDA:720,95,1,56
BRDA:724,96,0,147223
BRDA:724,96,1,20
BRDA:725,97,0,5791
BRDA:725,97,1,141432
BRDA:726,98,0,6
BRDA:726,98,1,5785
BRDA:726,99,0,5791
BRDA:726,99,1,5791
BRDA:729,100,0,2
BRDA:729,100,1,141430
BRDA:729,101,0,141432
BRDA:729,101,1,69032
BRDA:745,102,0,620
BRDA:745,102,1,14
BRDA:746,103,0,0
BRDA:746,103,1,14
BRDA:751,104,0,20
BRDA:751,104,1,600
BRDA:759,105,0,565
BRDA:759,105,1,35
BRDA:759,106,0,600
BRDA:759,106,1,598
BRDA:763,107,0,598
BRDA:763,107,1,2
BRDA:768,108,0,565
BRDA:768,108,1,35
BRDA:773,109,0,554
BRDA:773,109,1,46
BRDA:794,110,0,21908
BRDA:794,110,1,30449
BRDA:794,110,2,64900
BRDA:797,111,0,16127
BRDA:797,111,1,5781
BRDA:803,112,0,21636
BRDA:803,112,1,8813
BRDA:817,113,0,1828
BRDA:817,113,1,48785
BRDA:825,114,0,88
BRDA:825,114,1,8
BRDA:830,115,0,9523
BRDA:830,115,1,143
BRDA:832,116,0,1645
BRDA:832,116,1,7878
BRDA:832,117,0,9523
BRDA:832,117,1,1653
BRDA:832,117,2,1609
BRDA:832,117,3,1601
BRDA:832,117,4,0
BRDA:838,118,0,7870
BRDA:838,118,1,8
BRDA:840,119,0,5504
BRDA:840,119,1,2366
BRDA:842,120,0,4037
BRDA:842,120,1,1467
BRDA:847,121,0,60
BRDA:847,121,1,7818
BRDA:847,122,0,7878
BRDA:847,122,1,5512
BRDA:850,123,0,36
BRDA:850,123,1,7842
BRDA:850,124,0,7878
BRDA:850,124,1,5512
BRDA:850,124,2,76
BRDA:857,125,0,8
BRDA:857,125,1,2418
BRDA:861,126,0,4
BRDA:861,126,1,2414
BRDA:870,127,0,2366
BRDA:870,127,1,44
BRDA:882,128,0,6
BRDA:882,128,1,68322
BRDA:890,129,0,2
BRDA:890,129,1,2400
BRDA:893,130,0,64
BRDA:893,130,1,2336
BRDA:897,131,0,12
BRDA:897,131,1,4952
BRDA:897,132,0,4964
BRDA:897,132,1,4156
BRDA:897,132,2,2900
BRDA:908,133,0,4
BRDA:908,133,1,65922
BRDA:911,134,0,3266
BRDA:911,134,1,62656
BRDA:915,135,0,4
BRDA:915,135,1,109982
BRDA:924,136,0,76
BRDA:924,136,1,20
BRDA:931,137,0,38
BRDA:931,137,1,38
BRDA:1006,138,0,2092
BRDA:1006,138,1,106
BRDA:1013,139,0,2198
BRDA:1013,139,1,2146
BRDA:1016,140,0,2144
BRDA:1016,140,1,54
BRDA:1021,141,0,8
BRDA:1021,141,1,2190
BRDA:1027,142,0,52
BRDA:1027,142,1,2138
BRDA:1058,143,0,14
BRDA:1058,143,1,228
BRDA:1066,144,0,242
BRDA:1066,144,1,0
BRDA:1071,145,0,38
BRDA:1071,145,1,204
BRDA:1073,146,0,4
BRDA:1073,146,1,34
BRDA:1077,147,0,6
BRDA:1077,147,1,198
BRDA:1080,148,0,6
BRDA:1080,148,1,192
BRDA:1082,149,0,4
BRDA:1082,149,1,2
BRDA:1087,150,0,12
BRDA:1087,150,1,180
BRDA:1136,151,0,54
BRDA:1136,151,1,65872
BRDA:1136,152,0,65926
BRDA:1136,152,1,62730
BRDA:1136,152,2,54
BRDA:1144,153,0,132
BRDA:1144,153,1,65794
BRDA:1149,154,0,65926
BRDA:1149,154,1,134
BRDA:1152,155,0,65920
BRDA:1152,155,1,6
BRDA:1157,156,0,8
BRDA:1157,156,1,65918
BRDA:1162,157,0,65918
BRDA:1162,157,1,172
BRDA:1162,158,0,40
BRDA:1162,158,1,132
BRDA:1166,159,0,0
BRDA:1166,159,1,65916
BRDA:1172,160,0,2
BRDA:1172,160,1,65914
BRDA:1194,161,0,62676
BRDA:1194,161,1,3242
BRDA:1198,162,0,3188
BRDA:1198,162,1,54
BRDA:1199,163,0,3188
BRDA:1199,163,1,3188
BRDA:1209,164,0,2
BRDA:1209,164,1,2
BRF:339
BRH:319
end_of_record
