TN:
SF:index.js
FN:22,(anonymous_0)
FN:26,(anonymous_1)
FN:31,(anonymous_2)
FN:109,(anonymous_3)
FN:144,(anonymous_4)
FN:146,(anonymous_5)
FN:152,(anonymous_6)
FN:162,(anonymous_7)
FN:177,(anonymous_8)
FN:180,(anonymous_9)
FN:188,(anonymous_10)
FN:196,(anonymous_11)
FN:203,(anonymous_12)
FN:221,(anonymous_13)
FN:228,(anonymous_14)
FN:247,(anonymous_15)
FN:248,(anonymous_16)
FN:253,(anonymous_17)
FN:265,(anonymous_18)
FN:281,(anonymous_19)
FN:299,(anonymous_20)
FN:313,(anonymous_21)
FN:327,(anonymous_22)
FN:331,(anonymous_23)
FN:334,(anonymous_24)
FN:339,(anonymous_25)
FN:348,(anonymous_26)
FN:351,(anonymous_27)
FN:365,(anonymous_28)
FN:380,(anonymous_29)
FN:401,(anonymous_30)
FN:416,(anonymous_31)
FN:417,(anonymous_32)
FN:418,(anonymous_33)
FN:440,(anonymous_34)
FN:444,(anonymous_35)
FN:450,(anonymous_36)
FN:457,(anonymous_37)
FN:473,(anonymous_38)
FN:485,(anonymous_39)
FN:493,(anonymous_40)
FN:496,(anonymous_41)
FN:506,(anonymous_42)
FN:521,(anonymous_43)
FN:525,(anonymous_44)
FN:537,(anonymous_45)
FN:537,(anonymous_46)
FN:543,(anonymous_47)
FN:552,(anonymous_48)
FN:563,(anonymous_49)
FN:593,(anonymous_50)
FN:609,(anonymous_51)
FN:631,(anonymous_52)
FN:638,(anonymous_53)
FN:642,(anonymous_54)
FN:670,(anonymous_55)
FN:706,(anonymous_56)
FN:755,(anonymous_57)
FN:756,(anonymous_58)
FN:767,(anonymous_59)
FN:795,(anonymous_60)
FN:799,(anonymous_61)
FN:826,(anonymous_62)
FN:827,(anonymous_63)
FN:835,(anonymous_64)
FN:839,(anonymous_65)
FN:854,(anonymous_66)
FN:854,(anonymous_67)
FN:859,(anonymous_68)
FN:867,(anonymous_69)
FN:871,(anonymous_70)
FN:892,(anonymous_71)
FN:900,(anonymous_72)
FN:918,(anonymous_73)
FN:934,(anonymous_74)
FN:1016,(anonymous_75)
FN:1025,(anonymous_76)
FN:1066,(anonymous_77)
FN:1075,(anonymous_78)
FN:1146,(anonymous_79)
FN:1161,(anonymous_80)
FN:1176,(anonymous_81)
FN:1182,(anonymous_82)
FN:1193,(anonymous_83)
FN:1217,(anonymous_84)
FN:1219,done
FNF:86
FNH:84
FNDA:54,(anonymous_0)
FNDA:54,(anonymous_1)
FNDA:170,(anonymous_2)
FNDA:602,(anonymous_3)
FNDA:78605,(anonymous_4)
FNDA:147385,(anonymous_5)
FNDA:4,(anonymous_6)
FNDA:602,(anonymous_7)
FNDA:1806,(anonymous_8)
FNDA:2,(anonymous_9)
FNDA:140388,(anonymous_10)
FNDA:602,(anonymous_11)
FNDA:602,(anonymous_12)
FNDA:602,(anonymous_13)
FNDA:602,(anonymous_14)
FNDA:602,(anonymous_15)
FNDA:602,(anonymous_16)
FNDA:602,(anonymous_17)
FNDA:684213,(anonymous_18)
FNDA:698369,(anonymous_19)
FNDA:140596,(anonymous_20)
FNDA:208,(anonymous_21)
FNDA:206,(anonymous_22)
FNDA:1011,(anonymous_23)
FNDA:1011,(anonymous_24)
FNDA:1011,(anonymous_25)
FNDA:5778,(anonymous_26)
FNDA:5778,(anonymous_27)
FNDA:5778,(anonymous_28)
FNDA:5769,(anonymous_29)
FNDA:147416,(anonymous_30)
FNDA:147385,(anonymous_31)
FNDA:147504,(anonymous_32)
FNDA:147504,(anonymous_33)
FNDA:294465,(anonymous_34)
FNDA:147060,(anonymous_35)
FNDA:216796,(anonymous_36)
FNDA:0,(anonymous_37)
FNDA:78763,(anonymous_38)
FNDA:108837,(anonymous_39)
FNDA:185454,(anonymous_40)
FNDA:78763,(anonymous_41)
FNDA:106691,(anonymous_42)
FNDA:148435,(anonymous_43)
FNDA:37019,(anonymous_44)
FNDA:30307,(anonymous_45)
FNDA:30307,(anonymous_46)
FNDA:86,(anonymous_47)
FNDA:82,(anonymous_48)
FNDA:4,(anonymous_49)
FNDA:75240,(anonymous_50)
FNDA:75240,(anonymous_51)
FNDA:147060,(anonymous_52)
FNDA:147385,(anonymous_53)
FNDA:147385,(anonymous_54)
FNDA:68,(anonymous_55)
FNDA:147416,(anonymous_56)
FNDA:620,(anonymous_57)
FNDA:14,(anonymous_58)
FNDA:600,(anonymous_59)
FNDA:0,(anonymous_60)
FNDA:45678,(anonymous_61)
FNDA:6541,(anonymous_62)
FNDA:47400,(anonymous_63)
FNDA:96,(anonymous_64)
FNDA:8179,(anonymous_65)
FNDA:7624,(anonymous_66)
FNDA:7624,(anonymous_67)
FNDA:64,(anonymous_68)
FNDA:2426,(anonymous_69)
FNDA:2418,(anonymous_70)
FNDA:68328,(anonymous_71)
FNDA:2402,(anonymous_72)
FNDA:65926,(anonymous_73)
FNDA:96,(anonymous_74)
FNDA:2198,(anonymous_75)
FNDA:2198,(anonymous_76)
FNDA:242,(anonymous_77)
FNDA:242,(anonymous_78)
FNDA:65926,(anonymous_79)
FNDA:65926,(anonymous_80)
FNDA:65916,(anonymous_81)
FNDA:65916,(anonymous_82)
FNDA:65910,(anonymous_83)
FNDA:2,(anonymous_84)
FNDA:4,done
DA:2,1
DA:3,1
DA:4,1
DA:5,1
DA:6,1
DA:7,1
DA:8,1
DA:9,1
DA:11,1
DA:14,1
DA:16,1
DA:23,54
DA:24,54
DA:25,54
DA:26,54
DA:27,54
DA:32,170
DA:33,170
DA:34,170
DA:110,602
DA:111,602
DA:112,602
DA:113,602
DA:114,602
DA:115,602
DA:116,602
DA:117,602
DA:118,602
DA:119,602
DA:120,602
DA:121,602
DA:122,602
DA:124,602
DA:125,602
DA:127,602
DA:128,602
DA:129,24
DA:132,602
DA:136,602
DA:137,580
DA:139,22
DA:142,602
DA:144,78605
DA:146,602
DA:147,147385
DA:148,147385
DA:151,602
DA:152,2
DA:153,4
DA:154,4
DA:158,602
DA:159,602
DA:160,602
DA:162,602
DA:163,602
DA:164,0
DA:173,0
DA:177,602
DA:178,1806
DA:179,2
DA:180,2
DA:184,602
DA:185,602
DA:187,602
DA:188,594
DA:189,140388
DA:190,0
DA:192,140388
DA:196,602
DA:197,602
DA:198,0
DA:200,602
DA:203,602
DA:204,602
DA:205,0
DA:207,602
DA:210,600
DA:211,600
DA:213,600
DA:219,602
DA:221,602
DA:222,602
DA:223,2
DA:225,600
DA:228,602
DA:229,602
DA:230,2
DA:232,600
DA:233,600
DA:241,600
DA:242,600
DA:243,600
DA:248,602
DA:249,602
DA:250,2
DA:252,600
DA:254,602
DA:255,2
DA:257,600
DA:258,600
DA:259,319
DA:261,600
DA:266,684213
DA:267,602
DA:275,602
DA:278,684213
DA:293,698369
DA:294,6683
DA:296,698369
DA:300,140596
DA:301,582
DA:302,582
DA:303,582
DA:305,140014
DA:314,208
DA:315,208
DA:316,208
DA:317,208
DA:319,0
DA:321,208
DA:328,206
DA:332,1011
DA:333,1011
DA:334,1011
DA:335,1011
DA:336,2
DA:338,1009
DA:340,1011
DA:341,2
DA:343,1009
DA:344,1009
DA:349,5778
DA:350,5778
DA:351,5778
DA:352,5778
DA:353,9
DA:355,5769
DA:356,5769
DA:357,1622
DA:358,1622
DA:359,1622
DA:362,4147
DA:366,5778
DA:367,9
DA:369,5769
DA:370,0
DA:372,5769
DA:373,5769
DA:374,5769
DA:375,5769
DA:377,5769
DA:379,5769
DA:380,5769
DA:381,5769
DA:382,5769
DA:383,23
DA:385,5746
DA:386,5746
DA:387,0
DA:390,5746
DA:391,5846
DA:394,5746
DA:397,5769
DA:399,5769
DA:403,147416
DA:404,147416
DA:405,4190
DA:407,147416
DA:408,141427
DA:410,147416
DA:417,147385
DA:418,147504
DA:419,147504
DA:420,147452
DA:421,147382
DA:422,2
DA:424,70
DA:425,2
DA:429,147504
DA:430,147385
DA:433,119
DA:437,147385
DA:441,294465
DA:445,147060
DA:446,147060
DA:447,147060
DA:448,147060
DA:450,147060
DA:451,216796
DA:453,216796
DA:454,216796
DA:456,216796
DA:457,0
DA:458,0
DA:459,0
DA:464,216796
DA:465,216796
DA:466,216796
DA:468,216796
DA:469,147020
DA:473,147060
DA:474,78763
DA:475,78763
DA:476,24
DA:477,24
DA:479,0
DA:483,147060
DA:485,147060
DA:486,108837
DA:487,108837
DA:490,108837
DA:491,108837
DA:493,108837
DA:494,185454
DA:495,78763
DA:496,78763
DA:499,106691
DA:500,106691
DA:501,8
DA:503,106683
DA:506,106691
DA:507,106691
DA:508,64
DA:514,106691
DA:515,8
DA:517,106691
DA:521,108837
DA:522,148435
DA:525,108837
DA:526,37019
DA:527,37019
DA:528,2
DA:530,37017
DA:531,37017
DA:532,37017
DA:533,6710
DA:535,30307
DA:537,30307
DA:540,108837
DA:541,108837
DA:543,108837
DA:544,86
DA:545,2
DA:548,84
DA:549,84
DA:550,84
DA:552,84
DA:553,82
DA:554,6
DA:556,76
DA:557,76
DA:558,76
DA:561,84
DA:563,84
DA:564,4
DA:565,4
DA:568,84
DA:571,108837
DA:572,187544
DA:573,86
DA:574,86
DA:576,187458
DA:580,108837
DA:581,71806
DA:585,147060
DA:586,0
DA:589,147060
DA:590,71820
DA:593,75240
DA:594,75240
DA:597,75240
DA:598,20343
DA:600,54897
DA:603,54897
DA:604,17880
DA:606,37017
DA:609,75240
DA:610,75240
DA:611,75240
DA:612,75240
DA:614,0
DA:617,75240
DA:618,75240
DA:620,0
DA:621,0
DA:623,75240
DA:624,38223
DA:625,38223
DA:627,37017
DA:632,147060
DA:633,4
DA:635,147056
DA:639,147385
DA:642,147385
DA:643,147385
DA:644,147385
DA:645,68
DA:646,68
DA:648,44
DA:649,44
DA:650,44
DA:652,68
DA:654,147317
DA:655,75395
DA:656,75391
DA:657,75236
DA:659,4
DA:660,4
DA:663,147317
DA:664,257
DA:666,147060
DA:671,68
DA:672,68
DA:673,68
DA:675,44
DA:679,24
DA:680,24
DA:683,20
DA:684,20
DA:685,20
DA:686,10
DA:687,4
DA:689,10
DA:690,4
DA:693,20
DA:695,44
DA:696,44
DA:699,68
DA:700,68
DA:703,68
DA:707,147416
DA:709,147416
DA:710,0
DA:713,147416
DA:714,147416
DA:715,4190
DA:718,147416
DA:719,5989
DA:722,147416
DA:724,147416
DA:726,68
DA:728,68
DA:729,68
DA:731,68
DA:732,12
DA:735,147348
DA:736,147328
DA:737,5901
DA:738,6
DA:740,141427
DA:741,2
DA:745,147396
DA:756,620
DA:757,14
DA:758,0
DA:762,620
DA:763,20
DA:765,600
DA:767,600
DA:768,600
DA:770,600
DA:771,568
DA:774,600
DA:775,598
DA:776,598
DA:779,600
DA:780,568
DA:781,568
DA:784,600
DA:785,555
DA:788,45
DA:796,0
DA:800,45678
DA:801,45678
DA:802,45678
DA:803,45678
DA:804,111120
DA:805,111120
DA:807,20856
DA:808,20856
DA:809,15420
DA:810,15420
DA:812,20856
DA:814,29279
DA:815,20839
DA:817,29279
DA:819,60985
DA:820,60985
DA:823,45678
DA:827,6541
DA:828,47400
DA:829,1722
DA:831,45678
DA:836,96
DA:840,8179
DA:841,8179
DA:843,8179
DA:846,1666
DA:848,6513
DA:849,6513
DA:850,6505
DA:851,6505
DA:852,4139
DA:853,4139
DA:854,7624
DA:858,6513
DA:859,64
DA:861,6513
DA:862,36
DA:864,6513
DA:868,2426
DA:869,8
DA:871,2418
DA:872,2418
DA:873,4
DA:875,2414
DA:878,2410
DA:879,2410
DA:880,2410
DA:881,2410
DA:882,2366
DA:885,2410
DA:893,68328
DA:894,6
DA:895,6
DA:897,68322
DA:901,2402
DA:902,2
DA:904,2400
DA:905,64
DA:907,2336
DA:908,4964
DA:911,12
DA:912,12
DA:915,2324
DA:919,65926
DA:920,4
DA:922,65922
DA:923,3266
DA:925,62656
DA:926,109986
DA:927,4
DA:928,4
DA:931,62652
DA:935,96
DA:936,76
DA:938,76
DA:942,76
DA:943,38
DA:945,38
DA:948,76
DA:949,76
DA:950,76
DA:953,96
DA:1017,2198
DA:1018,2092
DA:1019,2092
DA:1024,2198
DA:1025,2198
DA:1026,2198
DA:1027,2198
DA:1028,2144
DA:1032,2198
DA:1033,8
DA:1036,2190
DA:1038,2190
DA:1039,52
DA:1042,2190
DA:1069,242
DA:1070,14
DA:1071,14
DA:1072,14
DA:1075,242
DA:1076,242
DA:1077,242
DA:1078,242
DA:1082,242
DA:1083,38
DA:1084,38
DA:1085,4
DA:1088,204
DA:1089,6
DA:1091,198
DA:1092,6
DA:1093,6
DA:1094,4
DA:1097,192
DA:1098,192
DA:1099,12
DA:1104,236
DA:1106,236
DA:1147,65926
DA:1150,54
DA:1151,54
DA:1152,54
DA:1155,65926
DA:1156,132
DA:1157,132
DA:1160,65926
DA:1161,65926
DA:1162,65926
DA:1163,65926
DA:1164,65920
DA:1168,65926
DA:1169,8
DA:1172,65918
DA:1173,65918
DA:1174,65918
DA:1176,65918
DA:1177,65916
DA:1178,0
DA:1182,65916
DA:1183,65916
DA:1184,2
DA:1186,65914
DA:1195,65910
DA:1205,65918
DA:1206,62676
DA:1209,3242
DA:1210,3188
DA:1213,54
DA:1215,54
DA:1217,54
DA:1218,2
DA:1220,4
DA:1221,2
DA:1222,2
DA:1225,2
DA:1226,2
DA:1227,2
DA:1228,2
DA:1231,54
DA:1235,1
LF:533
LH:513
BRDA:111,0,0,602
BRDA:111,0,1,0
BRDA:114,1,0,602
BRDA:114,1,1,600
BRDA:115,2,0,602
BRDA:115,2,1,598
BRDA:116,3,0,602
BRDA:116,3,1,602
BRDA:117,4,0,602
BRDA:117,4,1,590
BRDA:118,5,0,594
BRDA:118,5,1,8
BRDA:119,6,0,564
BRDA:119,6,1,38
BRDA:120,7,0,600
BRDA:120,7,1,2
BRDA:122,8,0,602
BRDA:122,8,1,602
BRDA:127,9,0,602
BRDA:127,9,1,578
BRDA:128,10,0,24
BRDA:128,10,1,578
BRDA:136,11,0,580
BRDA:136,11,1,22
BRDA:149,12,0,602
BRDA:149,12,1,600
BRDA:151,13,0,2
BRDA:151,13,1,600
BRDA:163,14,0,0
BRDA:163,14,1,602
BRDA:178,15,0,2
BRDA:178,15,1,1804
BRDA:187,16,0,594
BRDA:187,16,1,8
BRDA:189,17,0,0
BRDA:189,17,1,140388
BRDA:197,18,0,0
BRDA:197,18,1,602
BRDA:204,19,0,0
BRDA:204,19,1,602
BRDA:222,20,0,2
BRDA:222,20,1,600
BRDA:229,21,0,2
BRDA:229,21,1,600
BRDA:249,22,0,2
BRDA:249,22,1,600
BRDA:254,23,0,2
BRDA:254,23,1,600
BRDA:266,24,0,602
BRDA:266,24,1,683611
BRDA:266,25,0,684213
BRDA:266,25,1,681
BRDA:293,26,0,6683
BRDA:293,26,1,691686
BRDA:293,27,0,698369
BRDA:293,27,1,6756
BRDA:300,28,0,582
BRDA:300,28,1,140014
BRDA:314,29,0,208
BRDA:314,29,1,0
BRDA:335,30,0,2
BRDA:335,30,1,1009
BRDA:340,31,0,2
BRDA:340,31,1,1009
BRDA:352,32,0,9
BRDA:352,32,1,5769
BRDA:356,33,0,1622
BRDA:356,33,1,4147
BRDA:362,34,0,4
BRDA:362,34,1,4143
BRDA:366,35,0,9
BRDA:366,35,1,5769
BRDA:369,36,0,0
BRDA:369,36,1,5769
BRDA:382,37,0,23
BRDA:382,37,1,5746
BRDA:382,38,0,5769
BRDA:382,38,1,5746
BRDA:386,39,0,0
BRDA:386,39,1,5746
BRDA:404,40,0,4190
BRDA:404,40,1,143226
BRDA:407,41,0,141427
BRDA:407,41,1,5989
BRDA:419,42,0,147452
BRDA:419,42,1,52
BRDA:420,43,0,147382
BRDA:420,43,1,70
BRDA:421,44,0,2
BRDA:421,44,1,147380
BRDA:424,45,0,2
BRDA:424,45,1,68
BRDA:429,46,0,147385
BRDA:429,46,1,119
BRDA:429,47,0,147504
BRDA:429,47,1,147500
BRDA:429,47,2,147436
BRDA:441,48,0,294357
BRDA:441,48,1,108
BRDA:456,49,0,0
BRDA:456,49,1,216796
BRDA:468,50,0,147020
BRDA:468,50,1,69776
BRDA:468,51,0,216796
BRDA:468,51,1,147060
BRDA:475,52,0,24
BRDA:475,52,1,78739
BRDA:476,53,0,24
BRDA:476,53,1,0
BRDA:494,54,0,78763
BRDA:494,54,1,106691
BRDA:500,55,0,8
BRDA:500,55,1,106683
BRDA:507,56,0,64
BRDA:507,56,1,106627
BRDA:514,57,0,8
BRDA:514,57,1,106683
BRDA:527,58,0,2
BRDA:527,58,1,37017
BRDA:532,59,0,6710
BRDA:532,59,1,30307
BRDA:537,60,0,30307
BRDA:537,60,1,30307
BRDA:540,61,0,37017
BRDA:540,61,1,71820
BRDA:544,62,0,2
BRDA:544,62,1,84
BRDA:553,63,0,6
BRDA:553,63,1,76
BRDA:572,64,0,86
BRDA:572,64,1,187458
BRDA:580,65,0,71806
BRDA:580,65,1,37031
BRDA:580,66,0,108837
BRDA:580,66,1,108753
BRDA:585,67,0,0
BRDA:585,67,1,147060
BRDA:585,68,0,147060
BRDA:585,68,1,147060
BRDA:589,69,0,71820
BRDA:589,69,1,75240
BRDA:597,70,0,20343
BRDA:597,70,1,54897
BRDA:597,71,0,75240
BRDA:597,71,1,54911
BRDA:603,72,0,17880
BRDA:603,72,1,37017
BRDA:603,73,0,54897
BRDA:603,73,1,37017
BRDA:623,74,0,38223
BRDA:623,74,1,37017
BRDA:632,75,0,4
BRDA:632,75,1,147056
BRDA:639,76,0,56
BRDA:639,76,1,147329
BRDA:644,77,0,68
BRDA:644,77,1,147317
BRDA:646,78,0,44
BRDA:646,78,1,24
BRDA:654,79,0,75395
BRDA:654,79,1,71922
BRDA:655,80,0,75391
BRDA:655,80,1,4
BRDA:656,81,0,75236
BRDA:656,81,1,155
BRDA:659,82,0,4
BRDA:659,82,1,0
BRDA:663,83,0,257
BRDA:663,83,1,147060
BRDA:673,84,0,44
BRDA:673,84,1,24
BRDA:675,85,0,24
BRDA:675,85,1,20
BRDA:675,86,0,44
BRDA:675,86,1,32
BRDA:685,87,0,10
BRDA:685,87,1,10
BRDA:686,88,0,4
BRDA:686,88,1,6
BRDA:689,89,0,4
BRDA:689,89,1,6
BRDA:709,90,0,0
BRDA:709,90,1,147416
BRDA:714,91,0,4190
BRDA:714,91,1,143226
BRDA:718,92,0,5989
BRDA:718,92,1,141427
BRDA:724,93,0,68
BRDA:724,93,1,147348
BRDA:724,94,0,147416
BRDA:724,94,1,5989
BRDA:724,94,2,68
BRDA:728,95,0,68
BRDA:728,95,1,0
BRDA:728,96,0,68
BRDA:728,96,1,24
BRDA:731,97,0,12
BRDA:731,97,1,56
BRDA:735,98,0,147328
BRDA:735,98,1,20
BRDA:736,99,0,5901
BRDA:736,99,1,141427
BRDA:737,100,0,6
BRDA:737,100,1,5895
BRDA:737,101,0,5901
BRDA:737,101,1,5901
BRDA:740,102,0,2
BRDA:740,102,1,141425
BRDA:740,103,0,141427
BRDA:740,103,1,69513
BRDA:756,104,0,620
BRDA:756,104,1,14
BRDA:757,105,0,0
BRDA:757,105,1,14
BRDA:762,106,0,20
BRDA:762,106,1,600
BRDA:770,107,0,568
BRDA:770,107,1,32
BRDA:770,108,0,600
BRDA:770,108,1,598
BRDA:774,109,0,598
BRDA:774,109,1,2
BRDA:779,110,0,568
BRDA:779,110,1,32
BRDA:784,111,0,555
BRDA:784,111,1,45
BRDA:805,112,0,20856
BRDA:805,112,1,29279
BRDA:805,112,2,60985
BRDA:808,113,0,15420
BRDA:808,113,1,5436
BRDA:814,114,0,20839
BRDA:814,114,1,8440
BRDA:828,115,0,1722
BRDA:828,115,1,45678
BRDA:836,116,0,88
BRDA:836,116,1,8
BRDA:841,117,0,8179
BRDA:841,117,1,144
BRDA:843,118,0,1666
BRDA:843,118,1,6513
BRDA:843,119,0,8179
BRDA:843,119,1,1674
BRDA:843,119,2,1630
BRDA:843,119,3,1622
BRDA:843,119,4,0
BRDA:849,120,0,6505
BRDA:849,120,1,8
BRDA:851,121,0,4139
BRDA:851,121,1,2366
BRDA:853,122,0,2647
BRDA:853,122,1,1492
BRDA:858,123,0,60
BRDA:858,123,1,6453
BRDA:858,124,0,6513
BRDA:858,124,1,4147
BRDA:861,125,0,36
BRDA:861,125,1,6477
BRDA:861,126,0,6513
BRDA:861,126,1,4147
BRDA:861,126,2,76
BRDA:868,127,0,8
BRDA:868,127,1,2418
BRDA:872,128,0,4
BRDA:872,128,1,2414
BRDA:881,129,0,2366
BRDA:881,129,1,44
BRDA:893,130,0,6
BRDA:893,130,1,68322
BRDA:901,131,0,2
BRDA:901,131,1,2400
BRDA:904,132,0,64
BRDA:904,132,1,2336
BRDA:908,133,0,12
BRDA:908,133,1,4952
BRDA:908,134,0,4964
BRDA:908,134,1,4156
BRDA:908,134,2,2900
BRDA:919,135,0,4
BRDA:919,135,1,65922
BRDA:922,136,0,3266
BRDA:922,136,1,62656
BRDA:926,137,0,4
BRDA:926,137,1,109982
BRDA:935,138,0,76
BRDA:935,138,1,20
BRDA:942,139,0,38
BRDA:942,139,1,38
BRDA:1017,140,0,2092
BRDA:1017,140,1,106
BRDA:1024,141,0,2198
BRDA:1024,141,1,2146
BRDA:1027,142,0,2144
BRDA:1027,142,1,54
BRDA:1032,143,0,8
BRDA:1032,143,1,2190
BRDA:1038,144,0,52
BRDA:1038,144,1,2138
BRDA:1069,145,0,14
BRDA:1069,145,1,228
BRDA:1077,146,0,242
BRDA:1077,146,1,0
BRDA:1082,147,0,38
BRDA:1082,147,1,204
BRDA:1084,148,0,4
BRDA:1084,148,1,34
BRDA:1088,149,0,6
BRDA:1088,149,1,198
BRDA:1091,150,0,6
BRDA:1091,150,1,192
BRDA:1093,151,0,4
BRDA:1093,151,1,2
BRDA:1098,152,0,12
BRDA:1098,152,1,180
BRDA:1147,153,0,54
BRDA:1147,153,1,65872
BRDA:1147,154,0,65926
BRDA:1147,154,1,62730
BRDA:1147,154,2,54
BRDA:1155,155,0,132
BRDA:1155,155,1,65794
BRDA:1160,156,0,65926
BRDA:1160,156,1,134
BRDA:1163,157,0,65920
BRDA:1163,157,1,6
BRDA:1168,158,0,8
BRDA:1168,158,1,65918
BRDA:1173,159,0,65918
BRDA:1173,159,1,172
BRDA:1173,160,0,40
BRDA:1173,160,1,132
BRDA:1177,161,0,0
BRDA:1177,161,1,65916
BRDA:1183,162,0,2
BRDA:1183,162,1,65914
BRDA:1205,163,0,62676
BRDA:1205,163,1,3242
BRDA:1209,164,0,3188
BRDA:1209,164,1,54
BRDA:1210,165,0,3188
BRDA:1210,165,1,3188
BRDA:1220,166,0,2
BRDA:1220,166,1,2
BRF:343
BRH:325
end_of_record
